<?xml version="1.0" encoding="UTF-8"?>
<!-- Generated by org.testng.reporters.JUnitReportReporter -->
<testsuite skipped="0" hostname="PIL-AHD-LPT248" name="BillcallLogin.BillcallLoginTestNGTest" tests="1" failures="0" timestamp="27 Aug 2018 11:58:37 GMT" time="23.854" errors="0">
  <testcase name="Billcalllogin" time="23.854" classname="BillcallLogin.BillcallLoginTestNGTest"/>
</testsuite> <!-- BillcallLogin.BillcallLoginTestNGTest -->
